<?xml version="1.0" encoding="UTF-8"?>
<testng-results skipped="0" failed="0" ignored="3" total="6" passed="3">
  <reporter-output>
  </reporter-output>
  <suite name="Default suite" duration-ms="34633" started-at="2020-12-09T09:43:12Z" finished-at="2020-12-09T09:43:46Z">
    <groups>
    </groups>
    <test name="Default test" duration-ms="34633" started-at="2020-12-09T09:43:12Z" finished-at="2020-12-09T09:43:46Z">
      <class name="com.training.sanity.tests.LoginTests">
        <test-method status="PASS" signature="setUp()[pri:0, instance:com.training.sanity.tests.LoginTests@6a41eaa2]" name="setUp" is-config="true" duration-ms="11110" started-at="2020-12-09T09:43:12Z" finished-at="2020-12-09T09:43:23Z">
          <reporter-output>
          </reporter-output>
        </test-method> <!-- setUp -->
        <test-method status="PASS" signature="validLoginTest()[pri:1, instance:com.training.sanity.tests.LoginTests@6a41eaa2]" name="validLoginTest" duration-ms="1503" started-at="2020-12-09T09:43:23Z" finished-at="2020-12-09T09:43:24Z">
          <reporter-output>
          </reporter-output>
        </test-method> <!-- validLoginTest -->
        <test-method status="PASS" signature="validAppMenuTest()[pri:2, instance:com.training.sanity.tests.LoginTests@6a41eaa2]" name="validAppMenuTest" duration-ms="5414" started-at="2020-12-09T09:43:24Z" finished-at="2020-12-09T09:43:30Z">
          <reporter-output>
          </reporter-output>
        </test-method> <!-- validAppMenuTest -->
        <test-method status="PASS" signature="validCreateFlowTest()[pri:3, instance:com.training.sanity.tests.LoginTests@6a41eaa2]" name="validCreateFlowTest" duration-ms="14641" started-at="2020-12-09T09:43:30Z" finished-at="2020-12-09T09:43:44Z">
          <reporter-output>
          </reporter-output>
        </test-method> <!-- validCreateFlowTest -->
        <test-method status="PASS" signature="tearDown()[pri:0, instance:com.training.sanity.tests.LoginTests@6a41eaa2]" name="tearDown" is-config="true" duration-ms="1913" started-at="2020-12-09T09:43:44Z" finished-at="2020-12-09T09:43:46Z">
          <reporter-output>
          </reporter-output>
        </test-method> <!-- tearDown -->
      </class> <!-- com.training.sanity.tests.LoginTests -->
    </test> <!-- Default test -->
  </suite> <!-- Default suite -->
</testng-results>
