<?xml version="1.0" encoding="UTF-8"?>
<!-- Generated by org.testng.reporters.JUnitXMLReporter -->
<testsuite hostname="DESKTOP-U2B40K2" ignored="3" name="Default test" tests="3" failures="0" timestamp="09 Dec 2020 09:43:46 GMT" time="34.633" errors="0">
  <testcase name="validLoginTest" time="1.503" classname="com.training.sanity.tests.LoginTests"/>
  <testcase name="validAppMenuTest" time="5.414" classname="com.training.sanity.tests.LoginTests"/>
  <testcase name="validCreateFlowTest" time="14.641" classname="com.training.sanity.tests.LoginTests"/>
  <testcase name="HomePageMenuTest" time="0.0" classname="com.training.sanity.tests.LoginTests">
    <ignored/>
  </testcase> <!-- HomePageMenuTest -->
  <testcase name="HomePageTest" time="0.0" classname="com.training.sanity.tests.LoginTests">
    <ignored/>
  </testcase> <!-- HomePageTest -->
  <testcase name="validHeaderButtonTest" time="0.0" classname="com.training.sanity.tests.LoginTests">
    <ignored/>
  </testcase> <!-- validHeaderButtonTest -->
</testsuite> <!-- Default test -->
